c:\users\dango\source\repos\shipswa\shipswa\debug\vc142.pdb
c:\users\dango\source\repos\shipswa\shipswa\debug\vc142.idb
c:\users\dango\source\repos\shipswa\shipswa\debug\view.obj
c:\users\dango\source\repos\shipswa\shipswa\debug\model.obj
c:\users\dango\source\repos\shipswa\shipswa\debug\main.obj
c:\users\dango\source\repos\shipswa\shipswa\debug\server.obj
c:\users\dango\source\repos\shipswa\shipswa\debug\controller.obj
c:\users\dango\source\repos\shipswa\shipswa\debug\client.obj
c:\users\dango\source\repos\shipswa\debug\shipswa.exe
c:\users\dango\source\repos\shipswa\debug\shipswa.ilk
c:\users\dango\source\repos\shipswa\debug\shipswa.pdb
c:\users\dango\source\repos\shipswa\shipswa\debug\shipswa.res
c:\users\dango\source\repos\shipswa\shipswa\debug\shipswa.tlog\cl.command.1.tlog
c:\users\dango\source\repos\shipswa\shipswa\debug\shipswa.tlog\cl.read.1.tlog
c:\users\dango\source\repos\shipswa\shipswa\debug\shipswa.tlog\cl.write.1.tlog
c:\users\dango\source\repos\shipswa\shipswa\debug\shipswa.tlog\link.command.1.tlog
c:\users\dango\source\repos\shipswa\shipswa\debug\shipswa.tlog\link.read.1.tlog
c:\users\dango\source\repos\shipswa\shipswa\debug\shipswa.tlog\link.write.1.tlog
c:\users\dango\source\repos\shipswa\shipswa\debug\shipswa.tlog\rc.command.1.tlog
c:\users\dango\source\repos\shipswa\shipswa\debug\shipswa.tlog\rc.read.1.tlog
c:\users\dango\source\repos\shipswa\shipswa\debug\shipswa.tlog\rc.write.1.tlog
